<?xml version="1.0" encoding="UTF-8"?>
<!-- Generated by org.testng.reporters.JUnitXMLReporter -->
<testsuite ignored="0" hostname="LAPTOP-7QPC96OE" failures="0" tests="4" name="Test" time="26.702" errors="0" timestamp="2022-07-08T10:17:00 IST">
  <testcase classname="SamplePackageForTestNg.ContactTest" name="clickOnCreateImage" time="0.005"/>
  <testcase classname="SamplePackageForTestNg.ContactTest" name="clickOnLookImage" time="0.001"/>
  <testcase classname="SamplePackageForTestNg.ContactTest" name="createContactWithLastName" time="0.003"/>
  <testcase classname="SamplePackageForTestNg.ContactTest" name="selectOrganizationInNewWindow" time="0.001"/>
</testsuite> <!-- Test -->
