<?xml version="1.0" encoding="UTF-8"?>
<!-- Generated by org.testng.reporters.JUnitXMLReporter -->
<testsuite ignored="1" hostname="LAPTOP-7QPC96OE" failures="0" tests="2" name="Test" time="52.828" errors="0" timestamp="2022-07-05T19:24:35 IST">
  <testcase classname="SamplePackageForTestNg.CreateOrganization" name="deleteOrganizationName" time="0.012"/>
  <testcase classname="SamplePackageForTestNg.CreateOrganization" name="organizationCreatedWithMandatoryField" time="0.002"/>
  <testcase classname="SamplePackageForTestNg.CreateOrganization" name="organizationCreatedWithoutMandatoryField" time="0.0">
    <ignored/>
  </testcase> <!-- organizationCreatedWithoutMandatoryField -->
</testsuite> <!-- Test -->
