<?xml version="1.0" encoding="UTF-8"?>
<!-- Generated by org.testng.reporters.JUnitXMLReporter -->
<testsuite ignored="1" hostname="LAPTOP-7QPC96OE" failures="0" tests="1" name="Test" time="21.302" errors="0" timestamp="2022-07-07T23:16:47 IST">
  <testcase classname="SamplePackageForTestNg.Campaigns" name="createCampaignWithProduct" time="12.881"/>
  <testcase classname="SamplePackageForTestNg.Campaigns" name="createCampaign" time="0.0">
    <ignored/>
  </testcase> <!-- createCampaign -->
</testsuite> <!-- Test -->
