<?xml version="1.0" encoding="UTF-8"?>
<!-- Generated by org.testng.reporters.JUnitXMLReporter -->
<testsuite ignored="0" hostname="LAPTOP-7QPC96OE" failures="0" tests="4" name="Test" time="34.351" errors="0" timestamp="2022-07-05T20:17:02 IST">
  <testcase classname="SamplePackageForTestNg.ContactTest" name="clickOnCreateImage" time="0.008"/>
  <testcase classname="SamplePackageForTestNg.ContactTest" name="selectOrganizationInNewWindow" time="0.002"/>
  <testcase classname="SamplePackageForTestNg.ContactTest" name="clickOnLookImage" time="0.002"/>
  <testcase classname="SamplePackageForTestNg.ContactTest" name="createContactWithLastName" time="0.001"/>
</testsuite> <!-- Test -->
